 * Tip: There are .env or .flaskenv files present. Do "pip install python-dotenv" to use them.

============================================================
🚀 YouTube Transcript API Server
============================================================

Endpoints:
  POST /api/transcribe - Transcribe YouTube video
  GET  /health - Health check
  POST /api/clear-cache - Clear transcript cache

Example usage:
  curl -X POST http://localhost:5000/api/transcribe \
    -H "Content-Type: application/json" \
    -d '{"url": "WW42RFaduW4"}'

============================================================

 * Serving Flask app 'transcript_api'
 * Debug mode: on
[31m[1mWARNING: This is a development server. Do not use it in a production deployment. Use a production WSGI server instead.[0m
 * Running on all addresses (0.0.0.0)
 * Running on http://127.0.0.1:5001
 * Running on http://172.20.25.173:5001
[33mPress CTRL+C to quit[0m
 * Restarting with stat
 * Tip: There are .env or .flaskenv files present. Do "pip install python-dotenv" to use them.
 * Debugger is active!
 * Debugger PIN: 999-440-230
127.0.0.1 - - [01/Oct/2025 21:29:42] "GET /health HTTP/1.1" 200 -
127.0.0.1 - - [01/Oct/2025 21:29:50] "[35m[1mPOST /api/transcribe HTTP/1.1[0m" 500 -
 * Detected change in '/Users/rishabh/Code/Aakash/remalt/transcript_api.py', reloading

============================================================
🚀 YouTube Transcript API Server
============================================================

Endpoints:
  POST /api/transcribe - Transcribe YouTube video
  GET  /health - Health check
  POST /api/clear-cache - Clear transcript cache

Example usage:
  curl -X POST http://localhost:5000/api/transcribe \
    -H "Content-Type: application/json" \
    -d '{"url": "WW42RFaduW4"}'

============================================================


=== Transcription Request for jNQXAC9IVRw ===
[Python API] Fetching transcript for video: jNQXAC9IVRw
[Python API] Found English transcript
[Python API] ❌ Error: no element found: line 1, column 0
[Result] ❌ Failed (1006ms)

 * Restarting with stat
 * Tip: There are .env or .flaskenv files present. Do "pip install python-dotenv" to use them.
 * Debugger is active!
 * Debugger PIN: 999-440-230
 * Detected change in '/Users/rishabh/Code/Aakash/remalt/test_transcript.py', reloading

============================================================
🚀 YouTube Transcript API Server
============================================================

Endpoints:
  POST /api/transcribe - Transcribe YouTube video
  GET  /health - Health check
  POST /api/clear-cache - Clear transcript cache

Example usage:
  curl -X POST http://localhost:5000/api/transcribe \
    -H "Content-Type: application/json" \
    -d '{"url": "WW42RFaduW4"}'

============================================================

 * Restarting with stat
 * Tip: There are .env or .flaskenv files present. Do "pip install python-dotenv" to use them.
 * Debugger is active!
 * Debugger PIN: 999-440-230
 * Detected change in '/Users/rishabh/Code/Aakash/remalt/test_transcript.py', reloading

============================================================
🚀 YouTube Transcript API Server
============================================================

Endpoints:
  POST /api/transcribe - Transcribe YouTube video
  GET  /health - Health check
  POST /api/clear-cache - Clear transcript cache

Example usage:
  curl -X POST http://localhost:5000/api/transcribe \
    -H "Content-Type: application/json" \
    -d '{"url": "WW42RFaduW4"}'

============================================================

 * Restarting with stat
 * Tip: There are .env or .flaskenv files present. Do "pip install python-dotenv" to use them.
 * Debugger is active!
 * Debugger PIN: 999-440-230
 * Detected change in '/Users/rishabh/Code/Aakash/remalt/test_transcript.py', reloading

============================================================
🚀 YouTube Transcript API Server
============================================================

Endpoints:
  POST /api/transcribe - Transcribe YouTube video
  GET  /health - Health check
  POST /api/clear-cache - Clear transcript cache

Example usage:
  curl -X POST http://localhost:5000/api/transcribe \
    -H "Content-Type: application/json" \
    -d '{"url": "WW42RFaduW4"}'

============================================================

 * Restarting with stat
 * Tip: There are .env or .flaskenv files present. Do "pip install python-dotenv" to use them.
 * Debugger is active!
 * Debugger PIN: 999-440-230
 * Detected change in '/Users/rishabh/Code/Aakash/remalt/test_transcript.py', reloading

============================================================
🚀 YouTube Transcript API Server
============================================================

Endpoints:
  POST /api/transcribe - Transcribe YouTube video
  GET  /health - Health check
  POST /api/clear-cache - Clear transcript cache

Example usage:
  curl -X POST http://localhost:5000/api/transcribe \
    -H "Content-Type: application/json" \
    -d '{"url": "WW42RFaduW4"}'

============================================================

 * Restarting with stat
 * Tip: There are .env or .flaskenv files present. Do "pip install python-dotenv" to use them.
 * Debugger is active!
 * Debugger PIN: 999-440-230
 * Detected change in '/Users/rishabh/Code/Aakash/remalt/transcript_api.py', reloading

============================================================
🚀 YouTube Transcript API Server
============================================================

Endpoints:
  POST /api/transcribe - Transcribe YouTube video
  GET  /health - Health check
  POST /api/clear-cache - Clear transcript cache

Example usage:
  curl -X POST http://localhost:5000/api/transcribe \
    -H "Content-Type: application/json" \
    -d '{"url": "WW42RFaduW4"}'

============================================================

 * Restarting with stat
 * Tip: There are .env or .flaskenv files present. Do "pip install python-dotenv" to use them.
 * Debugger is active!
 * Debugger PIN: 999-440-230
 * Detected change in '/Users/rishabh/Code/Aakash/remalt/transcript_api.py', reloading

============================================================
🚀 YouTube Transcript API Server
============================================================

Endpoints:
  POST /api/transcribe - Transcribe YouTube video
  GET  /health - Health check
  POST /api/clear-cache - Clear transcript cache

Example usage:
  curl -X POST http://localhost:5000/api/transcribe \
    -H "Content-Type: application/json" \
    -d '{"url": "WW42RFaduW4"}'

============================================================

 * Restarting with stat
 * Tip: There are .env or .flaskenv files present. Do "pip install python-dotenv" to use them.
 * Debugger is active!
 * Debugger PIN: 999-440-230
127.0.0.1 - - [01/Oct/2025 21:34:07] "[35m[1mPOST /api/transcribe HTTP/1.1[0m" 500 -
 * Detected change in '/Users/rishabh/Code/Aakash/remalt/test_transcript.py', reloading

============================================================
🚀 YouTube Transcript API Server
============================================================

Endpoints:
  POST /api/transcribe - Transcribe YouTube video
  GET  /health - Health check
  POST /api/clear-cache - Clear transcript cache

Example usage:
  curl -X POST http://localhost:5000/api/transcribe \
    -H "Content-Type: application/json" \
    -d '{"url": "WW42RFaduW4"}'

============================================================


=== Transcription Request for WW42RFaduW4 ===
[Python API] Fetching transcript for video: WW42RFaduW4
[Python API] ❌ Error: 'YouTubeTranscriptApi' object has no attribute 'fetch'
[Result] ❌ Failed (3ms)

 * Restarting with stat
 * Tip: There are .env or .flaskenv files present. Do "pip install python-dotenv" to use them.
 * Debugger is active!
 * Debugger PIN: 999-440-230
127.0.0.1 - - [01/Oct/2025 21:35:01] "[35m[1mPOST /api/transcribe HTTP/1.1[0m" 500 -
/opt/homebrew/Cellar/python@3.13/3.13.7/Frameworks/Python.framework/Versions/3.13/lib/python3.13/multiprocessing/resource_tracker.py:324: UserWarning: resource_tracker: There appear to be 1 leaked semaphore objects to clean up at shutdown: {'/mp-22uh6eko'}
  warnings.warn(
/opt/homebrew/Cellar/python@3.13/3.13.7/Frameworks/Python.framework/Versions/3.13/lib/python3.13/multiprocessing/resource_tracker.py:324: UserWarning: resource_tracker: There appear to be 1 leaked semaphore objects to clean up at shutdown: {'/mp-0c5jpqql'}
  warnings.warn(
